<?xml version="1.0" encoding="UTF-8"?>
<testsuite xmlns:xsi="http://www.w3.org/2001/XMLSchema-instance" xsi:noNamespaceSchemaLocation="https://maven.apache.org/surefire/maven-surefire-plugin/xsd/surefire-test-report-3.0.xsd" version="3.0" name="runner.TestRunner" time="3.573" tests="11" errors="0" skipped="10" failures="0">
  <properties>
[...]
</properties>
  <testcase name="Given User is on Retail Website" classname="Scenario: log out from myAccount" time="0">
    <skipped/>
    <system-out><![CDATA[@LoginRegression
Feature: Login to Retail Website
 INFO [main] (Initializer.java:20)- Scenario  log out from myAccount started 
]]></system-out>
    <system-err><![CDATA[[main] INFO io.github.bonigarcia.wdm.WebDriverManager - Using chromedriver 86.0.4240.22 (since Google Chrome 86 is installed in your machine)
[main] INFO io.github.bonigarcia.wdm.WebDriverManager - Exporting webdriver.chrome.driver as /Users/rezafadaei/.m2/repository/webdriver/chromedriver/mac64/86.0.4240.22/chromedriver
Starting ChromeDriver 86.0.4240.22 (398b0743353ff36fb1b82468f63a3a93b4e2e89e-refs/branch-heads/4240@{#378}) on port 39847
Only local connections are allowed.
Please see https://chromedriver.chromium.org/security-considerations for suggestions on keeping ChromeDriver safe.
ChromeDriver was started successfully.
Oct 15, 2020 8:10:16 PM org.openqa.selenium.remote.ProtocolHandshake createSession
INFO: Detected dialect: W3C
]]></system-err>
  </testcase>
  <testcase name="And User click on MyAccount" classname="Scenario: log out from myAccount" time="0">
    <skipped/>
  </testcase>
  <testcase name="And User click on MyAccount" classname="Scenario: log out from myAccount" time="0">
    <skipped/>
  </testcase>
  <testcase name="When User click on login" classname="Scenario: log out from myAccount" time="0">
    <skipped/>
    <system-out><![CDATA[
  #Any step which is repeated at the beginning of scenarios in one feature can be placed under background keyword
  # and it will reduce redundancy
  Background: LoginTest             # Features/login.feature:7
    Given User is on Retail Website
    And User click on MyAccount
]]></system-out>
  </testcase>
  <testcase name="And User enter username &apos;sdet@tekschool.us&apos; and password &apos;sdet&apos;" classname="Scenario: log out from myAccount" time="0">
    <skipped/>
  </testcase>
  <testcase name="And User click on login  utton" classname="Scenario: log out from myAccount" time="0">
    <skipped/>
  </testcase>
  <testcase name="And User should be logged into MyAccount dashboar" classname="Scenario: log out from myAccount" time="0">
    <skipped/>
  </testcase>
  <testcase name="And User click on logout" classname="Scenario: log out from myAccount" time="0">
    <skipped/>
  </testcase>
  <testcase name="Then User should be logged out from MyAccount dashboard" classname="Scenario: log out from myAccount" time="0">
    <skipped/>
  </testcase>
  <testcase name="Scenario: log out from myAccount" classname="Scenario: log out from myAccount" time="0">
    <skipped/>
    <system-out><![CDATA[ INFO [main] (Initializer.java:53)- log out from myAccount  undefined
]]></system-out>
  </testcase>
  <testcase name="Scenario: log out from myAccount" classname="Scenario: log out from myAccount" time="3.09"/>
</testsuite>